<?xml version="1.0" encoding="UTF-8"?>
<!-- Generated by org.testng.reporters.JUnitReportReporter -->
<testsuite hostname="Arno" failures="0" tests="1" name="com.bd.LocatorIdentify" time="19.704" errors="0" timestamp="2023-08-23T16:57:15 BDT" skipped="0">
  <testcase classname="com.bd.LocatorIdentify" name="testLocator" time="19.704"/>
  <system-out/>
</testsuite> <!-- com.bd.LocatorIdentify -->
